[2012-09-13 13:49:35] security.DEBUG: Read SecurityContext from the session [] []
[2012-09-13 13:49:35] request.ERROR: Symfony\Component\HttpKernel\Exception\NotFoundHttpException: No route found for "GET /0" (uncaught exception) at /Users/xcontreras/Sites/towerofdimensions-symfony/app/cache/prod/classes.php line 4596 [] []
[2012-09-13 13:49:36] security.DEBUG: Write SecurityContext in the session [] []
[2012-09-13 13:51:12] security.DEBUG: Read SecurityContext from the session [] []
[2012-09-13 13:51:12] request.ERROR: Symfony\Component\HttpKernel\Exception\NotFoundHttpException: No route found for "GET /0" (uncaught exception) at /Users/xcontreras/Sites/towerofdimensions-symfony/app/cache/prod/classes.php line 4596 [] []
[2012-09-13 13:51:12] security.DEBUG: Write SecurityContext in the session [] []
[2012-09-13 13:51:12] security.DEBUG: Read SecurityContext from the session [] []
[2012-09-13 13:51:12] request.ERROR: Symfony\Component\HttpKernel\Exception\NotFoundHttpException: No route found for "GET /0" (uncaught exception) at /Users/xcontreras/Sites/towerofdimensions-symfony/app/cache/prod/classes.php line 4596 [] []
[2012-09-13 13:51:12] security.DEBUG: Write SecurityContext in the session [] []
[2012-09-13 13:55:48] security.DEBUG: Read SecurityContext from the session [] []
[2012-09-13 13:55:48] request.ERROR: Symfony\Component\HttpKernel\Exception\NotFoundHttpException: No route found for "GET /_profiler/5051c93bd4c92" (uncaught exception) at /Users/xcontreras/Sites/towerofdimensions-symfony/app/cache/prod/classes.php line 4596 [] []
[2012-09-13 13:55:48] security.DEBUG: Write SecurityContext in the session [] []
[2012-09-13 13:58:22] security.DEBUG: Read SecurityContext from the session [] []
[2012-09-13 13:58:22] request.ERROR: Symfony\Component\HttpKernel\Exception\NotFoundHttpException: No route found for "GET /0" (uncaught exception) at /Users/xcontreras/Sites/towerofdimensions-symfony/app/cache/prod/classes.php line 4596 [] []
[2012-09-13 13:58:22] security.DEBUG: Write SecurityContext in the session [] []
[2012-09-13 13:58:43] security.DEBUG: Read SecurityContext from the session [] []
[2012-09-13 13:58:43] request.ERROR: Symfony\Component\HttpKernel\Exception\NotFoundHttpException: No route found for "GET /0" (uncaught exception) at /Users/xcontreras/Sites/towerofdimensions-symfony/app/cache/prod/classes.php line 4596 [] []
[2012-09-13 13:58:43] security.DEBUG: Write SecurityContext in the session [] []
[2012-09-13 13:59:31] security.DEBUG: Read SecurityContext from the session [] []
[2012-09-13 13:59:31] request.ERROR: Symfony\Component\HttpKernel\Exception\NotFoundHttpException: No route found for "GET /0" (uncaught exception) at /Users/xcontreras/Sites/towerofdimensions-symfony/app/cache/prod/classes.php line 4596 [] []
[2012-09-13 13:59:31] security.DEBUG: Write SecurityContext in the session [] []
[2012-09-13 13:59:32] security.DEBUG: Read SecurityContext from the session [] []
[2012-09-13 13:59:32] request.ERROR: Symfony\Component\HttpKernel\Exception\NotFoundHttpException: No route found for "GET /0" (uncaught exception) at /Users/xcontreras/Sites/towerofdimensions-symfony/app/cache/prod/classes.php line 4596 [] []
[2012-09-13 13:59:32] security.DEBUG: Write SecurityContext in the session [] []
[2012-09-13 14:01:15] security.DEBUG: Read SecurityContext from the session [] []
[2012-09-13 14:01:15] request.ERROR: Symfony\Component\HttpKernel\Exception\NotFoundHttpException: No route found for "GET /0" (uncaught exception) at /Users/xcontreras/Sites/towerofdimensions-symfony/app/cache/prod/classes.php line 4596 [] []
[2012-09-13 14:01:15] security.DEBUG: Write SecurityContext in the session [] []
[2012-09-13 14:01:16] security.DEBUG: Read SecurityContext from the session [] []
[2012-09-13 14:01:16] request.ERROR: Symfony\Component\HttpKernel\Exception\NotFoundHttpException: No route found for "GET /0" (uncaught exception) at /Users/xcontreras/Sites/towerofdimensions-symfony/app/cache/prod/classes.php line 4596 [] []
[2012-09-13 14:01:16] security.DEBUG: Write SecurityContext in the session [] []
[2012-09-13 14:01:30] security.DEBUG: Read SecurityContext from the session [] []
[2012-09-13 14:01:30] request.ERROR: Symfony\Component\HttpKernel\Exception\NotFoundHttpException: No route found for "GET /0" (uncaught exception) at /Users/xcontreras/Sites/towerofdimensions-symfony/app/cache/prod/classes.php line 4596 [] []
[2012-09-13 14:01:30] security.DEBUG: Write SecurityContext in the session [] []
[2012-09-13 14:01:45] security.DEBUG: Read SecurityContext from the session [] []
[2012-09-13 14:01:45] request.ERROR: Symfony\Component\HttpKernel\Exception\NotFoundHttpException: No route found for "GET /0" (uncaught exception) at /Users/xcontreras/Sites/towerofdimensions-symfony/app/cache/prod/classes.php line 4596 [] []
[2012-09-13 14:01:45] security.DEBUG: Write SecurityContext in the session [] []
[2012-09-13 14:03:05] security.DEBUG: Read SecurityContext from the session [] []
[2012-09-13 14:03:05] request.ERROR: Symfony\Component\HttpKernel\Exception\NotFoundHttpException: No route found for "GET /0" (uncaught exception) at /Users/xcontreras/Sites/towerofdimensions-symfony/app/cache/prod/classes.php line 4596 [] []
[2012-09-13 14:03:05] security.DEBUG: Write SecurityContext in the session [] []
[2012-09-13 14:06:17] security.DEBUG: Read SecurityContext from the session [] []
[2012-09-13 14:06:17] request.ERROR: Symfony\Component\HttpKernel\Exception\NotFoundHttpException: No route found for "GET /0" (uncaught exception) at /Users/xcontreras/Sites/towerofdimensions-symfony/app/cache/prod/classes.php line 4596 [] []
[2012-09-13 14:06:17] security.DEBUG: Write SecurityContext in the session [] []
[2012-09-13 20:55:58] security.DEBUG: Read SecurityContext from the session [] []
[2012-09-13 20:55:59] request.INFO: Matched route "IFZTowerofDimensionsBundle_homepage" (parameters: "_controller": "IFZ\TowerofDimensionsBundle\Controller\DefaultController::indexAction", "name": "empty", "_route": "IFZTowerofDimensionsBundle_homepage") [] []
[2012-09-13 20:56:00] request.CRITICAL: Twig_Error_Syntax: The function "asser" does not exist. Did you mean "asset" in "IFZTowerofDimensionsBundle:Default:container.html.twig" at line 17 (uncaught exception) at /Users/xcontreras/Sites/towerofdimensions-symfony/vendor/twig/lib/Twig/Node/Expression/Function.php line 28 [] []
[2012-09-13 20:56:00] security.DEBUG: Write SecurityContext in the session [] []
[2012-09-17 18:44:52] request.CRITICAL: ErrorException: Recv failure: Connection reset by peer (uncaught exception) at /Users/xcontreras/Sites/towerofdimensions-symfony/vendor/LightOpenId/openid.php line 229 [] []
[2012-09-17 18:45:32] request.CRITICAL: ErrorException: Recv failure: Connection reset by peer (uncaught exception) at /Users/xcontreras/Sites/towerofdimensions-symfony/vendor/LightOpenId/openid.php line 229 [] []
[2012-09-17 18:48:48] request.CRITICAL: ErrorException: No OpenID Server found at http://steamcommunity.com/openid (uncaught exception) at /Users/xcontreras/Sites/towerofdimensions-symfony/vendor/LightOpenId/openid.php line 538 [] []
[2012-09-17 18:53:12] request.CRITICAL: ErrorException: Failed to connect to 63.228.223.103: No route to host (uncaught exception) at /Users/xcontreras/Sites/towerofdimensions-symfony/vendor/LightOpenId/openid.php line 229 [] []
[2012-09-17 20:36:56] request.CRITICAL: ErrorException: Recv failure: Connection reset by peer (uncaught exception) at /Users/xcontreras/Sites/towerofdimensions-symfony/vendor/LightOpenId/openid.php line 229 [] []
[2012-09-17 20:38:00] request.CRITICAL: ErrorException: Recv failure: Connection reset by peer (uncaught exception) at /Users/xcontreras/Sites/towerofdimensions-symfony/vendor/LightOpenId/openid.php line 229 [] []
[2012-09-27 16:08:23] security.DEBUG: Read SecurityContext from the session [] []
[2012-09-27 16:08:23] request.INFO: Matched route "IFZTowerofDimensionsBundle_homepage" (parameters: "_controller": "IFZ\TowerofDimensionsBundle\Controller\DefaultController::indexAction", "_route": "IFZTowerofDimensionsBundle_homepage") [] []
[2012-09-27 16:08:26] request.CRITICAL: PDOException: SQLSTATE[42S02]: Base table or view not found: 1146 Table 'towerofdimensions.steam' doesn't exist (uncaught exception) at /Users/xcontreras/Sites/towerofdimensions-symfony/vendor/doctrine-dbal/lib/Doctrine/DBAL/Connection.php line 613 [] []
[2012-09-27 16:08:26] security.DEBUG: Write SecurityContext in the session [] []
[2012-09-27 17:47:35] security.DEBUG: Read SecurityContext from the session [] []
[2012-09-27 17:47:35] request.INFO: Matched route "IFZTowerofDimensionsBundle_mercenaries" (parameters: "_controller": "IFZ\TowerofDimensionsBundle\Controller\DefaultController::mercenariesAction", "_route": "IFZTowerofDimensionsBundle_mercenaries") [] []
[2012-09-27 17:47:35] request.CRITICAL: InvalidArgumentException: Method "IFZ\TowerofDimensionsBundle\Controller\DefaultController::mercenariesAction" does not exist. (uncaught exception) at /Users/xcontreras/Sites/towerofdimensions-symfony/app/cache/prod/classes.php line 4119 [] []
[2012-09-27 17:47:35] security.DEBUG: Write SecurityContext in the session [] []
[2012-09-27 19:13:05] security.DEBUG: Read SecurityContext from the session [] []
[2012-09-27 19:13:05] request.INFO: Matched route "IFZTowerofDimensionsBundle_mercenaries" (parameters: "_controller": "IFZ\TowerofDimensionsBundle\Controller\DefaultController::mercenariesAction", "_route": "IFZTowerofDimensionsBundle_mercenaries") [] []
[2012-09-27 19:13:05] request.CRITICAL: InvalidArgumentException: Method "IFZ\TowerofDimensionsBundle\Controller\DefaultController::mercenariesAction" does not exist. (uncaught exception) at /Users/xcontreras/Sites/towerofdimensions-symfony/app/cache/prod/classes.php line 4119 [] []
[2012-09-27 19:13:05] security.DEBUG: Write SecurityContext in the session [] []
[2012-09-27 21:41:15] security.DEBUG: Read SecurityContext from the session [] []
[2012-09-27 21:41:15] request.INFO: Matched route "IFZTowerofDimensionsBundle_mercenaries" (parameters: "_controller": "IFZ\TowerofDimensionsBundle\Controller\DefaultController::mercenariesAction", "_route": "IFZTowerofDimensionsBundle_mercenaries") [] []
[2012-09-27 21:41:15] request.CRITICAL: InvalidArgumentException: Method "IFZ\TowerofDimensionsBundle\Controller\DefaultController::mercenariesAction" does not exist. (uncaught exception) at /Users/xcontreras/Sites/towerofdimensions-symfony/app/cache/prod/classes.php line 4119 [] []
[2012-09-27 21:41:15] security.DEBUG: Write SecurityContext in the session [] []
[2012-09-27 22:11:25] security.DEBUG: Read SecurityContext from the session [] []
[2012-09-27 22:11:25] request.INFO: Matched route "IFZTowerofDimensionsBundle_mercenaries" (parameters: "_controller": "IFZ\TowerofDimensionsBundle\Controller\DefaultController::mercenariesAction", "_route": "IFZTowerofDimensionsBundle_mercenaries") [] []
[2012-09-27 22:11:25] request.CRITICAL: InvalidArgumentException: Method "IFZ\TowerofDimensionsBundle\Controller\DefaultController::mercenariesAction" does not exist. (uncaught exception) at /Users/xcontreras/Sites/towerofdimensions-symfony/app/cache/prod/classes.php line 4119 [] []
[2012-09-27 22:11:25] security.DEBUG: Write SecurityContext in the session [] []
[2012-09-27 22:21:49] security.DEBUG: Read SecurityContext from the session [] []
[2012-09-27 22:21:49] request.INFO: Matched route "IFZTowerofDimensionsBundle_mercenaries" (parameters: "_controller": "IFZ\TowerofDimensionsBundle\Controller\DefaultController::mercenariesAction", "_route": "IFZTowerofDimensionsBundle_mercenaries") [] []
[2012-09-27 22:21:49] request.CRITICAL: InvalidArgumentException: Method "IFZ\TowerofDimensionsBundle\Controller\DefaultController::mercenariesAction" does not exist. (uncaught exception) at /Users/xcontreras/Sites/towerofdimensions-symfony/app/cache/prod/classes.php line 4119 [] []
[2012-09-27 22:21:49] security.DEBUG: Write SecurityContext in the session [] []
[2012-09-27 22:34:24] security.DEBUG: Read SecurityContext from the session [] []
[2012-09-27 22:34:24] request.INFO: Matched route "IFZTowerofDimensionsBundle_mercenaries" (parameters: "_controller": "IFZ\TowerofDimensionsBundle\Controller\DefaultController::mercenariesAction", "_route": "IFZTowerofDimensionsBundle_mercenaries") [] []
[2012-09-27 22:34:24] request.CRITICAL: InvalidArgumentException: Method "IFZ\TowerofDimensionsBundle\Controller\DefaultController::mercenariesAction" does not exist. (uncaught exception) at /Users/xcontreras/Sites/towerofdimensions-symfony/app/cache/prod/classes.php line 4119 [] []
[2012-09-27 22:34:24] security.DEBUG: Write SecurityContext in the session [] []
[2012-09-27 22:34:44] security.DEBUG: Read SecurityContext from the session [] []
[2012-09-27 22:34:44] request.INFO: Matched route "IFZTowerofDimensionsBundle_mercenaries" (parameters: "_controller": "IFZ\TowerofDimensionsBundle\Controller\DefaultController::mercenariesAction", "_route": "IFZTowerofDimensionsBundle_mercenaries") [] []
[2012-09-27 22:34:44] request.CRITICAL: InvalidArgumentException: Method "IFZ\TowerofDimensionsBundle\Controller\DefaultController::mercenariesAction" does not exist. (uncaught exception) at /Users/xcontreras/Sites/towerofdimensions-symfony/app/cache/prod/classes.php line 4119 [] []
[2012-09-27 22:34:44] security.DEBUG: Write SecurityContext in the session [] []
[2012-09-27 22:36:31] security.DEBUG: Read SecurityContext from the session [] []
[2012-09-27 22:36:31] request.INFO: Matched route "IFZTowerofDimensionsBundle_mercenaries" (parameters: "_controller": "IFZ\TowerofDimensionsBundle\Controller\DefaultController::mercenariesAction", "_route": "IFZTowerofDimensionsBundle_mercenaries") [] []
[2012-09-27 22:36:31] request.CRITICAL: InvalidArgumentException: Method "IFZ\TowerofDimensionsBundle\Controller\DefaultController::mercenariesAction" does not exist. (uncaught exception) at /Users/xcontreras/Sites/towerofdimensions-symfony/app/cache/prod/classes.php line 4119 [] []
[2012-09-27 22:36:32] security.DEBUG: Write SecurityContext in the session [] []
[2012-09-27 22:36:34] security.DEBUG: Read SecurityContext from the session [] []
[2012-09-27 22:36:34] request.INFO: Matched route "IFZTowerofDimensionsBundle_mercenaries" (parameters: "_controller": "IFZ\TowerofDimensionsBundle\Controller\DefaultController::mercenariesAction", "_route": "IFZTowerofDimensionsBundle_mercenaries") [] []
[2012-09-27 22:36:34] request.CRITICAL: InvalidArgumentException: Method "IFZ\TowerofDimensionsBundle\Controller\DefaultController::mercenariesAction" does not exist. (uncaught exception) at /Users/xcontreras/Sites/towerofdimensions-symfony/app/cache/prod/classes.php line 4119 [] []
[2012-09-27 22:36:34] security.DEBUG: Write SecurityContext in the session [] []
[2012-09-27 22:36:35] security.DEBUG: Read SecurityContext from the session [] []
[2012-09-27 22:36:35] request.INFO: Matched route "IFZTowerofDimensionsBundle_mercenaries" (parameters: "_controller": "IFZ\TowerofDimensionsBundle\Controller\DefaultController::mercenariesAction", "_route": "IFZTowerofDimensionsBundle_mercenaries") [] []
[2012-09-27 22:36:35] request.CRITICAL: InvalidArgumentException: Method "IFZ\TowerofDimensionsBundle\Controller\DefaultController::mercenariesAction" does not exist. (uncaught exception) at /Users/xcontreras/Sites/towerofdimensions-symfony/app/cache/prod/classes.php line 4119 [] []
[2012-09-27 22:36:35] security.DEBUG: Write SecurityContext in the session [] []
[2012-09-27 22:36:36] security.DEBUG: Read SecurityContext from the session [] []
[2012-09-27 22:36:36] request.INFO: Matched route "IFZTowerofDimensionsBundle_mercenaries" (parameters: "_controller": "IFZ\TowerofDimensionsBundle\Controller\DefaultController::mercenariesAction", "_route": "IFZTowerofDimensionsBundle_mercenaries") [] []
[2012-09-27 22:36:36] request.CRITICAL: InvalidArgumentException: Method "IFZ\TowerofDimensionsBundle\Controller\DefaultController::mercenariesAction" does not exist. (uncaught exception) at /Users/xcontreras/Sites/towerofdimensions-symfony/app/cache/prod/classes.php line 4119 [] []
[2012-09-27 22:36:36] security.DEBUG: Write SecurityContext in the session [] []
[2012-09-27 22:36:36] security.DEBUG: Read SecurityContext from the session [] []
[2012-09-27 22:36:36] request.INFO: Matched route "IFZTowerofDimensionsBundle_mercenaries" (parameters: "_controller": "IFZ\TowerofDimensionsBundle\Controller\DefaultController::mercenariesAction", "_route": "IFZTowerofDimensionsBundle_mercenaries") [] []
[2012-09-27 22:36:36] request.CRITICAL: InvalidArgumentException: Method "IFZ\TowerofDimensionsBundle\Controller\DefaultController::mercenariesAction" does not exist. (uncaught exception) at /Users/xcontreras/Sites/towerofdimensions-symfony/app/cache/prod/classes.php line 4119 [] []
[2012-09-27 22:36:36] security.DEBUG: Write SecurityContext in the session [] []
[2012-09-27 22:36:37] security.DEBUG: Read SecurityContext from the session [] []
[2012-09-27 22:36:37] request.INFO: Matched route "IFZTowerofDimensionsBundle_mercenaries" (parameters: "_controller": "IFZ\TowerofDimensionsBundle\Controller\DefaultController::mercenariesAction", "_route": "IFZTowerofDimensionsBundle_mercenaries") [] []
[2012-09-27 22:36:37] request.CRITICAL: InvalidArgumentException: Method "IFZ\TowerofDimensionsBundle\Controller\DefaultController::mercenariesAction" does not exist. (uncaught exception) at /Users/xcontreras/Sites/towerofdimensions-symfony/app/cache/prod/classes.php line 4119 [] []
[2012-09-27 22:36:37] security.DEBUG: Write SecurityContext in the session [] []
[2012-09-27 22:36:37] security.DEBUG: Read SecurityContext from the session [] []
[2012-09-27 22:36:37] request.INFO: Matched route "IFZTowerofDimensionsBundle_mercenaries" (parameters: "_controller": "IFZ\TowerofDimensionsBundle\Controller\DefaultController::mercenariesAction", "_route": "IFZTowerofDimensionsBundle_mercenaries") [] []
[2012-09-27 22:36:37] request.CRITICAL: InvalidArgumentException: Method "IFZ\TowerofDimensionsBundle\Controller\DefaultController::mercenariesAction" does not exist. (uncaught exception) at /Users/xcontreras/Sites/towerofdimensions-symfony/app/cache/prod/classes.php line 4119 [] []
[2012-09-27 22:36:37] security.DEBUG: Write SecurityContext in the session [] []
[2012-09-27 22:36:38] security.DEBUG: Read SecurityContext from the session [] []
[2012-09-27 22:36:38] request.INFO: Matched route "IFZTowerofDimensionsBundle_mercenaries" (parameters: "_controller": "IFZ\TowerofDimensionsBundle\Controller\DefaultController::mercenariesAction", "_route": "IFZTowerofDimensionsBundle_mercenaries") [] []
[2012-09-27 22:36:38] request.CRITICAL: InvalidArgumentException: Method "IFZ\TowerofDimensionsBundle\Controller\DefaultController::mercenariesAction" does not exist. (uncaught exception) at /Users/xcontreras/Sites/towerofdimensions-symfony/app/cache/prod/classes.php line 4119 [] []
[2012-09-27 22:36:38] security.DEBUG: Write SecurityContext in the session [] []
[2012-09-28 03:37:58] security.DEBUG: Read SecurityContext from the session [] []
[2012-09-28 03:37:58] request.INFO: Matched route "IFZTowerofDimensionsBundle_homepage" (parameters: "_controller": "IFZ\TowerofDimensionsBundle\Controller\DefaultController::indexAction", "_route": "IFZTowerofDimensionsBundle_homepage") [] []
[2012-09-28 03:37:59] request.CRITICAL: InvalidArgumentException: A new entity was found through the relationship 'IFZ\TowerofDimensionsBundle\Entity\Player#mercenaries' that was not configured to cascade persist operations for entity: IFZ\TowerofDimensionsBundle\Entity\Mercenary@0000000003e26464000000007f94b126. Explicitly persist the new entity or configure cascading persist operations on the relationship. If you cannot find out which entity causes the problem implement 'IFZ\TowerofDimensionsBundle\Entity\Mercenary#__toString()' to get a clue. (uncaught exception) at /Users/xcontreras/Sites/towerofdimensions-symfony/vendor/doctrine/lib/Doctrine/ORM/UnitOfWork.php line 620 [] []
[2012-09-28 03:37:59] security.DEBUG: Write SecurityContext in the session [] []
[2012-09-28 03:58:43] security.DEBUG: Read SecurityContext from the session [] []
[2012-09-28 03:58:43] request.INFO: Matched route "IFZTowerofDimensionsBundle_homepage" (parameters: "_controller": "IFZ\TowerofDimensionsBundle\Controller\DefaultController::indexAction", "_route": "IFZTowerofDimensionsBundle_homepage") [] []
[2012-09-28 03:58:43] request.CRITICAL: InvalidArgumentException: A new entity was found through the relationship 'IFZ\TowerofDimensionsBundle\Entity\Mercenary#player' that was not configured to cascade persist operations for entity: IFZ\TowerofDimensionsBundle\Entity\Player@000000007c70a0ab000000007f025b08. Explicitly persist the new entity or configure cascading persist operations on the relationship. If you cannot find out which entity causes the problem implement 'IFZ\TowerofDimensionsBundle\Entity\Player#__toString()' to get a clue. (uncaught exception) at /Users/xcontreras/Sites/towerofdimensions-symfony/vendor/doctrine/lib/Doctrine/ORM/UnitOfWork.php line 620 [] []
[2012-09-28 03:58:43] security.DEBUG: Write SecurityContext in the session [] []
